生成启动时间为 2013/4/19 2:29:30。
     1>项目“E:\CSCI480\assign3\assign3\assign3.vcxproj”在节点 2 上(Build 个目标)。
     1>ClCompile:
         F:\Program Files\Microsoft Visual Studio 11.0\VC\bin\CL.exe /c /I"glut-3.7.6-bin" /IpicLibrary /ZI /nologo /W3 /WX- /Od /Oy- /D WIN32 /D _DEBUG /D _CONSOLE /D _UNICODE /D UNICODE /Gm /EHsc /RTC1 /MDd /GS /fp:precise /Zc:wchar_t /Zc:forScope /Fo"Debug\\" /Fd"Debug\vc110.pdb" /Gd /TP /analyze- /errorReport:prompt assign3.cpp
         assign3.cpp
     1>e:\csci480\assign3\assign3\assign3.cpp(133): warning C4101: “lDotN”: 未引用的局部变量
     1>e:\csci480\assign3\assign3\assign3.cpp(133): warning C4101: “rDotV”: 未引用的局部变量
     1>e:\csci480\assign3\assign3\assign3.cpp(234): warning C4101: “index”: 未引用的局部变量
     1>e:\csci480\assign3\assign3\assign3.cpp(609): warning C4996: 'stricmp': The POSIX name for this item is deprecated. Instead, use the ISO C++ conformant name: _stricmp. See online help for details.
                 f:\program files\microsoft visual studio 11.0\vc\include\string.h(249) : 参见“stricmp”的声明
     1>e:\csci480\assign3\assign3\assign3.cpp(611): warning C4101: “error”: 未引用的局部变量
     1>e:\csci480\assign3\assign3\assign3.cpp(622): warning C4996: 'fscanf': This function or variable may be unsafe. Consider using fscanf_s instead. To disable deprecation, use _CRT_SECURE_NO_WARNINGS. See online help for details.
                 f:\program files\microsoft visual studio 11.0\vc\include\stdio.h(237) : 参见“fscanf”的声明
     1>e:\csci480\assign3\assign3\assign3.cpp(624): warning C4996: 'fscanf': This function or variable may be unsafe. Consider using fscanf_s instead. To disable deprecation, use _CRT_SECURE_NO_WARNINGS. See online help for details.
                 f:\program files\microsoft visual studio 11.0\vc\include\stdio.h(237) : 参见“fscanf”的声明
     1>e:\csci480\assign3\assign3\assign3.cpp(631): warning C4996: 'fscanf': This function or variable may be unsafe. Consider using fscanf_s instead. To disable deprecation, use _CRT_SECURE_NO_WARNINGS. See online help for details.
                 f:\program files\microsoft visual studio 11.0\vc\include\stdio.h(237) : 参见“fscanf”的声明
     1>e:\csci480\assign3\assign3\assign3.cpp(633): warning C4996: 'fscanf': This function or variable may be unsafe. Consider using fscanf_s instead. To disable deprecation, use _CRT_SECURE_NO_WARNINGS. See online help for details.
                 f:\program files\microsoft visual studio 11.0\vc\include\stdio.h(237) : 参见“fscanf”的声明
     1>e:\csci480\assign3\assign3\assign3.cpp(640): warning C4996: 'fscanf': This function or variable may be unsafe. Consider using fscanf_s instead. To disable deprecation, use _CRT_SECURE_NO_WARNINGS. See online help for details.
                 f:\program files\microsoft visual studio 11.0\vc\include\stdio.h(237) : 参见“fscanf”的声明
     1>e:\csci480\assign3\assign3\assign3.cpp(642): warning C4996: 'fscanf': This function or variable may be unsafe. Consider using fscanf_s instead. To disable deprecation, use _CRT_SECURE_NO_WARNINGS. See online help for details.
                 f:\program files\microsoft visual studio 11.0\vc\include\stdio.h(237) : 参见“fscanf”的声明
     1>e:\csci480\assign3\assign3\assign3.cpp(648): warning C4996: 'fopen': This function or variable may be unsafe. Consider using fopen_s instead. To disable deprecation, use _CRT_SECURE_NO_WARNINGS. See online help for details.
                 f:\program files\microsoft visual studio 11.0\vc\include\stdio.h(218) : 参见“fopen”的声明
     1>e:\csci480\assign3\assign3\assign3.cpp(655): warning C4996: 'fscanf': This function or variable may be unsafe. Consider using fscanf_s instead. To disable deprecation, use _CRT_SECURE_NO_WARNINGS. See online help for details.
                 f:\program files\microsoft visual studio 11.0\vc\include\stdio.h(237) : 参见“fscanf”的声明
     1>e:\csci480\assign3\assign3\assign3.cpp(664): warning C4996: 'fscanf': This function or variable may be unsafe. Consider using fscanf_s instead. To disable deprecation, use _CRT_SECURE_NO_WARNINGS. See online help for details.
                 f:\program files\microsoft visual studio 11.0\vc\include\stdio.h(237) : 参见“fscanf”的声明
     1>e:\csci480\assign3\assign3\assign3.cpp(666): warning C4996: 'stricmp': The POSIX name for this item is deprecated. Instead, use the ISO C++ conformant name: _stricmp. See online help for details.
                 f:\program files\microsoft visual studio 11.0\vc\include\string.h(249) : 参见“stricmp”的声明
     1>e:\csci480\assign3\assign3\assign3.cpp(688): warning C4996: 'stricmp': The POSIX name for this item is deprecated. Instead, use the ISO C++ conformant name: _stricmp. See online help for details.
                 f:\program files\microsoft visual studio 11.0\vc\include\string.h(249) : 参见“stricmp”的声明
     1>e:\csci480\assign3\assign3\assign3.cpp(705): warning C4996: 'stricmp': The POSIX name for this item is deprecated. Instead, use the ISO C++ conformant name: _stricmp. See online help for details.
                 f:\program files\microsoft visual studio 11.0\vc\include\string.h(249) : 参见“stricmp”的声明
     1>e:\csci480\assign3\assign3\assign3.cpp(658): warning C4101: “str”: 未引用的局部变量
       Link:
         F:\Program Files\Microsoft Visual Studio 11.0\VC\bin\link.exe /ERRORREPORT:PROMPT /OUT:"E:\CSCI480\assign3\Debug\assign3.exe" /INCREMENTAL /NOLOGO /LIBPATH:"glut-3.7.6-bin" /LIBPATH:picLibrary libjpeg.lib libtiff.lib picLibrary.lib kernel32.lib user32.lib gdi32.lib winspool.lib comdlg32.lib advapi32.lib shell32.lib ole32.lib oleaut32.lib uuid.lib odbc32.lib odbccp32.lib /MANIFEST /MANIFESTUAC:"level='asInvoker' uiAccess='false'" /manifest:embed /DEBUG /PDB:"E:\CSCI480\assign3\Debug\assign3.pdb" /SUBSYSTEM:CONSOLE /TLBID:1 /DYNAMICBASE /NXCOMPAT /IMPLIB:"E:\CSCI480\assign3\Debug\assign3.lib" /MACHINE:X86 Debug\assign3.obj
         picLibrary.lib(pic.obj) : 找到 MSIL .netmodule 或使用 /GL 编译的模块；正在使用 /LTCG 重新启动链接；将 /LTCG 添加到链接命令行以改进链接器性能
     1>LINK : warning LNK4075: 忽略“/INCREMENTAL”(由于“/LTCG”规范)
     1>assign3.obj : warning LNK4075: 忽略“/EDITANDCONTINUE”(由于“/OPT:LBR”规范)
     1>LINK : warning LNK4098: 默认库“MSVCRT”与其他库的使用冲突；请使用 /NODEFAULTLIB:library
     1>MSVCRTD.lib(cinitexe.obj) : warning LNK4098: 默认库“libcmtd.lib”与其他库的使用冲突；请使用 /NODEFAULTLIB:library
         正在生成代码
         已完成代码的生成
     1>picLibrary.lib(pic.obj) : warning LNK4099: 未找到 PDB“vc100.pdb”(使用“picLibrary.lib(pic.obj)”或在“E:\CSCI480\assign3\Debug\vc100.pdb”中寻找)；正在链接对象，如同没有调试信息一样
     1>picLibrary.lib(jpeg.obj) : warning LNK4099: 未找到 PDB“vc100.pdb”(使用“picLibrary.lib(jpeg.obj)”或在“E:\CSCI480\assign3\Debug\vc100.pdb”中寻找)；正在链接对象，如同没有调试信息一样
     1>picLibrary.lib(ppm.obj) : warning LNK4099: 未找到 PDB“vc100.pdb”(使用“picLibrary.lib(ppm.obj)”或在“E:\CSCI480\assign3\Debug\vc100.pdb”中寻找)；正在链接对象，如同没有调试信息一样
     1>picLibrary.lib(tiff.obj) : warning LNK4099: 未找到 PDB“vc100.pdb”(使用“picLibrary.lib(tiff.obj)”或在“E:\CSCI480\assign3\Debug\vc100.pdb”中寻找)；正在链接对象，如同没有调试信息一样
     1>libjpeg.lib(jcapimin.obj) : warning LNK4099: 未找到 PDB“vc100.pdb”(使用“libjpeg.lib(jcapimin.obj)”或在“E:\CSCI480\assign3\Debug\vc100.pdb”中寻找)；正在链接对象，如同没有调试信息一样
     1>libjpeg.lib(jcapistd.obj) : warning LNK4099: 未找到 PDB“vc100.pdb”(使用“libjpeg.lib(jcapistd.obj)”或在“E:\CSCI480\assign3\Debug\vc100.pdb”中寻找)；正在链接对象，如同没有调试信息一样
     1>libjpeg.lib(jcarith.obj) : warning LNK4099: 未找到 PDB“vc100.pdb”(使用“libjpeg.lib(jcarith.obj)”或在“E:\CSCI480\assign3\Debug\vc100.pdb”中寻找)；正在链接对象，如同没有调试信息一样
     1>libjpeg.lib(jcparam.obj) : warning LNK4099: 未找到 PDB“vc100.pdb”(使用“libjpeg.lib(jcparam.obj)”或在“E:\CSCI480\assign3\Debug\vc100.pdb”中寻找)；正在链接对象，如同没有调试信息一样
     1>libjpeg.lib(jdatadst.obj) : warning LNK4099: 未找到 PDB“vc100.pdb”(使用“libjpeg.lib(jdatadst.obj)”或在“E:\CSCI480\assign3\Debug\vc100.pdb”中寻找)；正在链接对象，如同没有调试信息一样
     1>libjpeg.lib(jcinit.obj) : warning LNK4099: 未找到 PDB“vc100.pdb”(使用“libjpeg.lib(jcinit.obj)”或在“E:\CSCI480\assign3\Debug\vc100.pdb”中寻找)；正在链接对象，如同没有调试信息一样
     1>libjpeg.lib(jcmaster.obj) : warning LNK4099: 未找到 PDB“vc100.pdb”(使用“libjpeg.lib(jcmaster.obj)”或在“E:\CSCI480\assign3\Debug\vc100.pdb”中寻找)；正在链接对象，如同没有调试信息一样
     1>libjpeg.lib(jcmarker.obj) : warning LNK4099: 未找到 PDB“vc100.pdb”(使用“libjpeg.lib(jcmarker.obj)”或在“E:\CSCI480\assign3\Debug\vc100.pdb”中寻找)；正在链接对象，如同没有调试信息一样
     1>libjpeg.lib(jcmainct.obj) : warning LNK4099: 未找到 PDB“vc100.pdb”(使用“libjpeg.lib(jcmainct.obj)”或在“E:\CSCI480\assign3\Debug\vc100.pdb”中寻找)；正在链接对象，如同没有调试信息一样
     1>libjpeg.lib(jcprepct.obj) : warning LNK4099: 未找到 PDB“vc100.pdb”(使用“libjpeg.lib(jcprepct.obj)”或在“E:\CSCI480\assign3\Debug\vc100.pdb”中寻找)；正在链接对象，如同没有调试信息一样
     1>libjpeg.lib(jccoefct.obj) : warning LNK4099: 未找到 PDB“vc100.pdb”(使用“libjpeg.lib(jccoefct.obj)”或在“E:\CSCI480\assign3\Debug\vc100.pdb”中寻找)；正在链接对象，如同没有调试信息一样
     1>libjpeg.lib(jccolor.obj) : warning LNK4099: 未找到 PDB“vc100.pdb”(使用“libjpeg.lib(jccolor.obj)”或在“E:\CSCI480\assign3\Debug\vc100.pdb”中寻找)；正在链接对象，如同没有调试信息一样
     1>libjpeg.lib(jcsample.obj) : warning LNK4099: 未找到 PDB“vc100.pdb”(使用“libjpeg.lib(jcsample.obj)”或在“E:\CSCI480\assign3\Debug\vc100.pdb”中寻找)；正在链接对象，如同没有调试信息一样
     1>libjpeg.lib(jchuff.obj) : warning LNK4099: 未找到 PDB“vc100.pdb”(使用“libjpeg.lib(jchuff.obj)”或在“E:\CSCI480\assign3\Debug\vc100.pdb”中寻找)；正在链接对象，如同没有调试信息一样
     1>libjpeg.lib(jcdctmgr.obj) : warning LNK4099: 未找到 PDB“vc100.pdb”(使用“libjpeg.lib(jcdctmgr.obj)”或在“E:\CSCI480\assign3\Debug\vc100.pdb”中寻找)；正在链接对象，如同没有调试信息一样
     1>libjpeg.lib(jfdctfst.obj) : warning LNK4099: 未找到 PDB“vc100.pdb”(使用“libjpeg.lib(jfdctfst.obj)”或在“E:\CSCI480\assign3\Debug\vc100.pdb”中寻找)；正在链接对象，如同没有调试信息一样
     1>libjpeg.lib(jfdctflt.obj) : warning LNK4099: 未找到 PDB“vc100.pdb”(使用“libjpeg.lib(jfdctflt.obj)”或在“E:\CSCI480\assign3\Debug\vc100.pdb”中寻找)；正在链接对象，如同没有调试信息一样
     1>libjpeg.lib(jfdctint.obj) : warning LNK4099: 未找到 PDB“vc100.pdb”(使用“libjpeg.lib(jfdctint.obj)”或在“E:\CSCI480\assign3\Debug\vc100.pdb”中寻找)；正在链接对象，如同没有调试信息一样
     1>libjpeg.lib(jdapimin.obj) : warning LNK4099: 未找到 PDB“vc100.pdb”(使用“libjpeg.lib(jdapimin.obj)”或在“E:\CSCI480\assign3\Debug\vc100.pdb”中寻找)；正在链接对象，如同没有调试信息一样
     1>libjpeg.lib(jdapistd.obj) : warning LNK4099: 未找到 PDB“vc100.pdb”(使用“libjpeg.lib(jdapistd.obj)”或在“E:\CSCI480\assign3\Debug\vc100.pdb”中寻找)；正在链接对象，如同没有调试信息一样
     1>libjpeg.lib(jdarith.obj) : warning LNK4099: 未找到 PDB“vc100.pdb”(使用“libjpeg.lib(jdarith.obj)”或在“E:\CSCI480\assign3\Debug\vc100.pdb”中寻找)；正在链接对象，如同没有调试信息一样
     1>libjpeg.lib(jdatasrc.obj) : warning LNK4099: 未找到 PDB“vc100.pdb”(使用“libjpeg.lib(jdatasrc.obj)”或在“E:\CSCI480\assign3\Debug\vc100.pdb”中寻找)；正在链接对象，如同没有调试信息一样
     1>libjpeg.lib(jdmaster.obj) : warning LNK4099: 未找到 PDB“vc100.pdb”(使用“libjpeg.lib(jdmaster.obj)”或在“E:\CSCI480\assign3\Debug\vc100.pdb”中寻找)；正在链接对象，如同没有调试信息一样
     1>libjpeg.lib(jdinput.obj) : warning LNK4099: 未找到 PDB“vc100.pdb”(使用“libjpeg.lib(jdinput.obj)”或在“E:\CSCI480\assign3\Debug\vc100.pdb”中寻找)；正在链接对象，如同没有调试信息一样
     1>libjpeg.lib(jdmarker.obj) : warning LNK4099: 未找到 PDB“vc100.pdb”(使用“libjpeg.lib(jdmarker.obj)”或在“E:\CSCI480\assign3\Debug\vc100.pdb”中寻找)；正在链接对象，如同没有调试信息一样
     1>libjpeg.lib(jdhuff.obj) : warning LNK4099: 未找到 PDB“vc100.pdb”(使用“libjpeg.lib(jdhuff.obj)”或在“E:\CSCI480\assign3\Debug\vc100.pdb”中寻找)；正在链接对象，如同没有调试信息一样
     1>libjpeg.lib(jdmainct.obj) : warning LNK4099: 未找到 PDB“vc100.pdb”(使用“libjpeg.lib(jdmainct.obj)”或在“E:\CSCI480\assign3\Debug\vc100.pdb”中寻找)；正在链接对象，如同没有调试信息一样
     1>libjpeg.lib(jdcoefct.obj) : warning LNK4099: 未找到 PDB“vc100.pdb”(使用“libjpeg.lib(jdcoefct.obj)”或在“E:\CSCI480\assign3\Debug\vc100.pdb”中寻找)；正在链接对象，如同没有调试信息一样
     1>libjpeg.lib(jdpostct.obj) : warning LNK4099: 未找到 PDB“vc100.pdb”(使用“libjpeg.lib(jdpostct.obj)”或在“E:\CSCI480\assign3\Debug\vc100.pdb”中寻找)；正在链接对象，如同没有调试信息一样
     1>libjpeg.lib(jddctmgr.obj) : warning LNK4099: 未找到 PDB“vc100.pdb”(使用“libjpeg.lib(jddctmgr.obj)”或在“E:\CSCI480\assign3\Debug\vc100.pdb”中寻找)；正在链接对象，如同没有调试信息一样
     1>libjpeg.lib(jidctfst.obj) : warning LNK4099: 未找到 PDB“vc100.pdb”(使用“libjpeg.lib(jidctfst.obj)”或在“E:\CSCI480\assign3\Debug\vc100.pdb”中寻找)；正在链接对象，如同没有调试信息一样
     1>libjpeg.lib(jidctflt.obj) : warning LNK4099: 未找到 PDB“vc100.pdb”(使用“libjpeg.lib(jidctflt.obj)”或在“E:\CSCI480\assign3\Debug\vc100.pdb”中寻找)；正在链接对象，如同没有调试信息一样
     1>libjpeg.lib(jidctint.obj) : warning LNK4099: 未找到 PDB“vc100.pdb”(使用“libjpeg.lib(jidctint.obj)”或在“E:\CSCI480\assign3\Debug\vc100.pdb”中寻找)；正在链接对象，如同没有调试信息一样
     1>libjpeg.lib(jdsample.obj) : warning LNK4099: 未找到 PDB“vc100.pdb”(使用“libjpeg.lib(jdsample.obj)”或在“E:\CSCI480\assign3\Debug\vc100.pdb”中寻找)；正在链接对象，如同没有调试信息一样
     1>libjpeg.lib(jdcolor.obj) : warning LNK4099: 未找到 PDB“vc100.pdb”(使用“libjpeg.lib(jdcolor.obj)”或在“E:\CSCI480\assign3\Debug\vc100.pdb”中寻找)；正在链接对象，如同没有调试信息一样
     1>libjpeg.lib(jquant1.obj) : warning LNK4099: 未找到 PDB“vc100.pdb”(使用“libjpeg.lib(jquant1.obj)”或在“E:\CSCI480\assign3\Debug\vc100.pdb”中寻找)；正在链接对象，如同没有调试信息一样
     1>libjpeg.lib(jquant2.obj) : warning LNK4099: 未找到 PDB“vc100.pdb”(使用“libjpeg.lib(jquant2.obj)”或在“E:\CSCI480\assign3\Debug\vc100.pdb”中寻找)；正在链接对象，如同没有调试信息一样
     1>libjpeg.lib(jdmerge.obj) : warning LNK4099: 未找到 PDB“vc100.pdb”(使用“libjpeg.lib(jdmerge.obj)”或在“E:\CSCI480\assign3\Debug\vc100.pdb”中寻找)；正在链接对象，如同没有调试信息一样
     1>libjpeg.lib(jaricom.obj) : warning LNK4099: 未找到 PDB“vc100.pdb”(使用“libjpeg.lib(jaricom.obj)”或在“E:\CSCI480\assign3\Debug\vc100.pdb”中寻找)；正在链接对象，如同没有调试信息一样
     1>libjpeg.lib(jcomapi.obj) : warning LNK4099: 未找到 PDB“vc100.pdb”(使用“libjpeg.lib(jcomapi.obj)”或在“E:\CSCI480\assign3\Debug\vc100.pdb”中寻找)；正在链接对象，如同没有调试信息一样
     1>libjpeg.lib(jutils.obj) : warning LNK4099: 未找到 PDB“vc100.pdb”(使用“libjpeg.lib(jutils.obj)”或在“E:\CSCI480\assign3\Debug\vc100.pdb”中寻找)；正在链接对象，如同没有调试信息一样
     1>libjpeg.lib(jerror.obj) : warning LNK4099: 未找到 PDB“vc100.pdb”(使用“libjpeg.lib(jerror.obj)”或在“E:\CSCI480\assign3\Debug\vc100.pdb”中寻找)；正在链接对象，如同没有调试信息一样
     1>libjpeg.lib(jmemmgr.obj) : warning LNK4099: 未找到 PDB“vc100.pdb”(使用“libjpeg.lib(jmemmgr.obj)”或在“E:\CSCI480\assign3\Debug\vc100.pdb”中寻找)；正在链接对象，如同没有调试信息一样
     1>libjpeg.lib(jmemnobs.obj) : warning LNK4099: 未找到 PDB“vc100.pdb”(使用“libjpeg.lib(jmemnobs.obj)”或在“E:\CSCI480\assign3\Debug\vc100.pdb”中寻找)；正在链接对象，如同没有调试信息一样
         assign3.vcxproj -> E:\CSCI480\assign3\Debug\assign3.exe
     1>已完成生成项目“E:\CSCI480\assign3\assign3\assign3.vcxproj”(Build 个目标)的操作。

生成成功。

已用时间 00:00:15.64
